<?xml version="1.0" encoding="UTF-8"?>
<!-- Generated by org.testng.reporters.JUnitReportReporter -->
<testsuite hostname="1000060272-FFH6QPL6NR" failures="0" tests="1" name="org.courierdost.firstTest" time="14.235" errors="0" timestamp="2024-11-09T14:51:54 IST" skipped="0">
  <testcase classname="org.courierdost.firstTest" name="FillForm" time="14.235"/>
  <system-out/>
</testsuite> <!-- org.courierdost.firstTest -->
